mysql> SOURCE C:/Users/haith/Desktop/CUB-Sales/sql/queries_hw03.sql;
Database changed
Query OK, 0 rows affected (0.00 sec)

+------------+-----------------------+-------------+-------+--------------+------+---------------------+
| listing_id | title                 | location    | rooms | monthly_rent | warm | created_at          |
+------------+-----------------------+-------------+-------+--------------+------+---------------------+
|         20 | SharedFlat Room Sunny | Bremen      |   1.0 |       400.00 |    1 | 2025-10-06 20:22:34 |
|         11 | Sublet 3 months       | Bremen-Nord |   1.0 |       500.00 |    1 | 2025-09-21 20:22:34 |
+------------+-----------------------+-------------+-------+--------------+------+---------------------+
2 rows in set (0.00 sec)

+---------+----------------+---------------+-------------+
| user_id | display_name   | housing_posts | sales_posts |
+---------+----------------+---------------+-------------+
|       2 | Yassin Soliman |             1 |           4 |
|       3 | Alice          |             1 |           2 |
|       4 | Bob            |             1 |           2 |
|       1 | Fatya Fares    |             1 |           2 |
|       5 | Lina           |             1 |           2 |
|       6 | Mark           |             1 |           2 |
|       7 | Sara           |             1 |           2 |
+---------+----------------+---------------+-------------+
7 rows in set (0.00 sec)

+---------+----------------+----------------+---------------+---------------+
| user_id | display_name   | favorites_made | posts_created | favs_per_post |
+---------+----------------+----------------+---------------+---------------+
|       3 | Alice          |             15 |             3 |          5.00 |
|       4 | Bob            |             15 |             3 |          5.00 |
|       1 | Fatya Fares    |             15 |             3 |          5.00 |
|       5 | Lina           |             15 |             3 |          5.00 |
|       6 | Mark           |             15 |             3 |          5.00 |
|       7 | Sara           |             15 |             3 |          5.00 |
|       2 | Yassin Soliman |              0 |             5 |          0.00 |
|       8 | Admin          |              0 |             0 |          NULL |
+---------+----------------+----------------+---------------+---------------+
8 rows in set (0.00 sec)

+---------------+-----------+
| category_name | avg_price |
+---------------+-----------+
| Apartment     |    690.00 |
| Sublet        |    530.00 |
| SharedFlat    |    410.00 |
| Bike          |    150.00 |
| Electronics   |     95.00 |
| Furniture     |     30.80 |
+---------------+-----------+
6 rows in set (0.00 sec)

+------------+--------------------+-------------------------+---------------+----------------+
| listing_id | title              | description             | category_name | poster         |
+------------+--------------------+-------------------------+---------------+----------------+
|          2 | Ikea desk 120x60cm | Same model, slight wear | Furniture     | Yassin Soliman |
|          1 | IKEA Desk 120x60   | Sturdy desk             | Furniture     | Yassin Soliman |
|          7 | Lamp               | Desk lamp               | Furniture     | Fatya Fares    |
+------------+--------------------+-------------------------+---------------+----------------+
3 rows in set (0.00 sec)

+---------------+---------------------+
| category_name | favorites_this_week |
+---------------+---------------------+
| Furniture     |                  18 |
| Electronics   |                  12 |
| Apartment     |                   6 |
| SharedFlat    |                   6 |
+---------------+---------------------+
4 rows in set (0.00 sec)

+------------+--------------------+----------------+-----------+
| listing_id | title              | poster         | fav_count |
+------------+--------------------+----------------+-----------+
|         23 | Coffee Maker       | Sara           |         6 |
|         18 | External HDD 1TB   | Mark           |         6 |
|          2 | Ikea desk 120x60cm | Yassin Soliman |         6 |
|          1 | IKEA Desk 120x60   | Yassin Soliman |         6 |
|         15 | MacBook Air 2019   | Lina           |         6 |
+------------+--------------------+----------------+-----------+
5 rows in set (0.00 sec)

+---------+----------------+----------------+---------------------+--------------------------+
| user_id | display_name   | listings_count | latest_post_at      | total_favorites_last_30d |
+---------+----------------+----------------+---------------------+--------------------------+
|       2 | Yassin Soliman |              5 | 2025-10-06 21:22:34 |                       30 |
|       7 | Sara           |              3 | 2025-10-08 20:22:34 |                       18 |
|       6 | Mark           |              3 | 2025-10-07 20:22:34 |                        6 |
|       5 | Lina           |              3 | 2025-10-05 20:22:34 |                        6 |
|       1 | Fatya Fares    |              3 | 2025-10-04 20:22:34 |                        6 |
|       4 | Bob            |              3 | 2025-10-03 20:22:34 |                       12 |
|       3 | Alice          |              3 | 2025-09-30 20:22:34 |                        6 |
|       8 | Admin          |              0 | NULL                |                        0 |
+---------+----------------+----------------+---------------------+--------------------------+
8 rows in set, 1 warning (0.00 sec)

Empty set (0.01 sec)

mysql> NOTEE;
